e:\windows\documents\repos\occqtdemos\simplestoccinqt\simplestoccinqt\x64\release\simplestoccinqt.obj
e:\windows\documents\repos\occqtdemos\simplestoccinqt\simplestoccinqt\x64\release\occwindow.obj
e:\windows\documents\repos\occqtdemos\simplestoccinqt\simplestoccinqt\x64\release\occwidget.obj
e:\windows\documents\repos\occqtdemos\simplestoccinqt\simplestoccinqt\x64\release\main.obj
e:\windows\documents\repos\occqtdemos\simplestoccinqt\simplestoccinqt\x64\release\moc_simplestoccinqt.obj
e:\windows\documents\repos\occqtdemos\simplestoccinqt\simplestoccinqt\x64\release\moc_occwidget.obj
e:\windows\documents\repos\occqtdemos\simplestoccinqt\simplestoccinqt\generatedfiles\release\moc_simplestoccinqt.cpp
e:\windows\documents\repos\occqtdemos\simplestoccinqt\simplestoccinqt\generatedfiles\ui_simplestoccinqt.h
e:\windows\documents\repos\occqtdemos\simplestoccinqt\simplestoccinqt\generatedfiles\release\moc_occwidget.cpp
e:\windows\documents\repos\occqtdemos\simplestoccinqt\x64\release\simplestoccinqt.exe
e:\windows\documents\repos\occqtdemos\simplestoccinqt\x64\release\simplestoccinqt.lib
e:\windows\documents\repos\occqtdemos\simplestoccinqt\x64\release\simplestoccinqt.exp
e:\windows\documents\repos\occqtdemos\simplestoccinqt\simplestoccinqt\x64\release\simplestoccinqt.tlog\cl.command.1.tlog
e:\windows\documents\repos\occqtdemos\simplestoccinqt\simplestoccinqt\x64\release\simplestoccinqt.tlog\cl.read.1.tlog
e:\windows\documents\repos\occqtdemos\simplestoccinqt\simplestoccinqt\x64\release\simplestoccinqt.tlog\cl.write.1.tlog
e:\windows\documents\repos\occqtdemos\simplestoccinqt\simplestoccinqt\x64\release\simplestoccinqt.tlog\custombuild.command.1.tlog
e:\windows\documents\repos\occqtdemos\simplestoccinqt\simplestoccinqt\x64\release\simplestoccinqt.tlog\custombuild.read.1.tlog
e:\windows\documents\repos\occqtdemos\simplestoccinqt\simplestoccinqt\x64\release\simplestoccinqt.tlog\custombuild.write.1.tlog
e:\windows\documents\repos\occqtdemos\simplestoccinqt\simplestoccinqt\x64\release\simplestoccinqt.tlog\link.command.1.tlog
e:\windows\documents\repos\occqtdemos\simplestoccinqt\simplestoccinqt\x64\release\simplestoccinqt.tlog\link.read.1.tlog
e:\windows\documents\repos\occqtdemos\simplestoccinqt\simplestoccinqt\x64\release\simplestoccinqt.tlog\link.write.1.tlog
e:\windows\documents\repos\occqtdemos\simplestoccinqt\simplestoccinqt\x64\release\simplestoccinqt.tlog\simplestoccinqt.write.1u.tlog
