e:\windows\documents\repos\occqtdemos\simplestoccinqt\occdocqt\x64\debug\applicationcommonwindow.obj
e:\windows\documents\repos\occqtdemos\simplestoccinqt\occdocqt\x64\debug\applicationwindow.obj
e:\windows\documents\repos\occqtdemos\simplestoccinqt\occdocqt\x64\debug\dialogmaterial.obj
e:\windows\documents\repos\occqtdemos\simplestoccinqt\occdocqt\x64\debug\dialogtransparency.obj
e:\windows\documents\repos\occqtdemos\simplestoccinqt\occdocqt\x64\debug\documentcommon.obj
e:\windows\documents\repos\occqtdemos\simplestoccinqt\occdocqt\x64\debug\main.obj
e:\windows\documents\repos\occqtdemos\simplestoccinqt\occdocqt\x64\debug\occdocqt.obj
e:\windows\documents\repos\occqtdemos\simplestoccinqt\occdocqt\x64\debug\occtwindow.obj
e:\windows\documents\repos\occqtdemos\simplestoccinqt\occdocqt\x64\debug\translate.obj
e:\windows\documents\repos\occqtdemos\simplestoccinqt\occdocqt\x64\debug\view.obj
e:\windows\documents\repos\occqtdemos\simplestoccinqt\occdocqt\generatedfiles\debug\moc_occdocqt.cpp
e:\windows\documents\repos\occqtdemos\simplestoccinqt\occdocqt\generatedfiles\ui_occdocqt.h
e:\windows\documents\repos\occqtdemos\simplestoccinqt\occdocqt\generatedfiles\debug\moc_view.cpp
e:\windows\documents\repos\occqtdemos\simplestoccinqt\occdocqt\generatedfiles\debug\moc_translate.cpp
e:\windows\documents\repos\occqtdemos\simplestoccinqt\occdocqt\generatedfiles\debug\moc_applicationcommonwindow.cpp
e:\windows\documents\repos\occqtdemos\simplestoccinqt\occdocqt\generatedfiles\debug\moc_applicationwindow.cpp
e:\windows\documents\repos\occqtdemos\simplestoccinqt\occdocqt\generatedfiles\debug\moc_documentcommon.cpp
e:\windows\documents\repos\occqtdemos\simplestoccinqt\occdocqt\generatedfiles\debug\moc_dialogtransparency.cpp
e:\windows\documents\repos\occqtdemos\simplestoccinqt\occdocqt\generatedfiles\debug\moc_dialogmaterial.cpp
e:\windows\documents\repos\occqtdemos\simplestoccinqt\occdocqt\x64\debug\vc140.pdb
e:\windows\documents\repos\occqtdemos\simplestoccinqt\occdocqt\x64\debug\moc_view.obj
e:\windows\documents\repos\occqtdemos\simplestoccinqt\occdocqt\x64\debug\moc_translate.obj
e:\windows\documents\repos\occqtdemos\simplestoccinqt\occdocqt\x64\debug\moc_occdocqt.obj
e:\windows\documents\repos\occqtdemos\simplestoccinqt\occdocqt\x64\debug\moc_documentcommon.obj
e:\windows\documents\repos\occqtdemos\simplestoccinqt\occdocqt\x64\debug\moc_dialogtransparency.obj
e:\windows\documents\repos\occqtdemos\simplestoccinqt\occdocqt\x64\debug\moc_dialogmaterial.obj
e:\windows\documents\repos\occqtdemos\simplestoccinqt\occdocqt\x64\debug\moc_applicationwindow.obj
e:\windows\documents\repos\occqtdemos\simplestoccinqt\occdocqt\x64\debug\moc_applicationcommonwindow.obj
e:\windows\documents\repos\occqtdemos\simplestoccinqt\occdocqt\x64\debug\vc120.pdb
e:\windows\documents\repos\occqtdemos\simplestoccinqt\occdocqt\x64\debug\qrc_occdocqt.obj
e:\windows\documents\repos\occqtdemos\simplestoccinqt\occdocqt\generatedfiles\qrc_occdocqt.cpp
e:\windows\documents\repos\occqtdemos\simplestoccinqt\x64\debug\occdocqt.ilk
e:\windows\documents\repos\occqtdemos\simplestoccinqt\x64\debug\occdocqt.exe
e:\windows\documents\repos\occqtdemos\simplestoccinqt\x64\debug\occdocqt.pdb
e:\windows\documents\repos\occqtdemos\simplestoccinqt\x64\debug\occdocqt.lib
e:\windows\documents\repos\occqtdemos\simplestoccinqt\x64\debug\occdocqt.exp
e:\windows\documents\repos\occqtdemos\simplestoccinqt\occdocqt\x64\debug\occdocqt.res
e:\windows\documents\repos\occqtdemos\simplestoccinqt\occdocqt\x64\debug\cl.command.1.tlog
e:\windows\documents\repos\occqtdemos\simplestoccinqt\occdocqt\x64\debug\cl.read.1.tlog
e:\windows\documents\repos\occqtdemos\simplestoccinqt\occdocqt\x64\debug\cl.write.1.tlog
e:\windows\documents\repos\occqtdemos\simplestoccinqt\occdocqt\x64\debug\custombuild.command.1.tlog
e:\windows\documents\repos\occqtdemos\simplestoccinqt\occdocqt\x64\debug\custombuild.read.1.tlog
e:\windows\documents\repos\occqtdemos\simplestoccinqt\occdocqt\x64\debug\custombuild.write.1.tlog
e:\windows\documents\repos\occqtdemos\simplestoccinqt\occdocqt\x64\debug\vc100.pdb
e:\windows\documents\repos\occqtdemos\simplestoccinqt\occdocqt\x64\debug\occdocqt.tlog\cl.command.1.tlog
e:\windows\documents\repos\occqtdemos\simplestoccinqt\occdocqt\x64\debug\occdocqt.tlog\cl.read.1.tlog
e:\windows\documents\repos\occqtdemos\simplestoccinqt\occdocqt\x64\debug\occdocqt.tlog\cl.write.1.tlog
e:\windows\documents\repos\occqtdemos\simplestoccinqt\occdocqt\x64\debug\occdocqt.tlog\custombuild.command.1.tlog
e:\windows\documents\repos\occqtdemos\simplestoccinqt\occdocqt\x64\debug\occdocqt.tlog\custombuild.read.1.tlog
e:\windows\documents\repos\occqtdemos\simplestoccinqt\occdocqt\x64\debug\occdocqt.tlog\custombuild.write.1.tlog
e:\windows\documents\repos\occqtdemos\simplestoccinqt\occdocqt\x64\debug\occdocqt.tlog\link.command.1.tlog
e:\windows\documents\repos\occqtdemos\simplestoccinqt\occdocqt\x64\debug\occdocqt.tlog\link.read.1.tlog
e:\windows\documents\repos\occqtdemos\simplestoccinqt\occdocqt\x64\debug\occdocqt.tlog\link.write.1.tlog
e:\windows\documents\repos\occqtdemos\simplestoccinqt\occdocqt\x64\debug\occdocqt.tlog\occdocqt.write.1u.tlog
e:\windows\documents\repos\occqtdemos\simplestoccinqt\occdocqt\x64\debug\occdocqt.tlog\rc.command.1.tlog
e:\windows\documents\repos\occqtdemos\simplestoccinqt\occdocqt\x64\debug\occdocqt.tlog\rc.read.1.tlog
e:\windows\documents\repos\occqtdemos\simplestoccinqt\occdocqt\x64\debug\occdocqt.tlog\rc.write.1.tlog
