e:\windows\documents\repos\occqtdemos\simplestoccinqt\qtocaf\x64\release\qtocafmainwin.obj
e:\windows\documents\repos\occqtdemos\simplestoccinqt\qtocaf\x64\release\occwidget.obj
e:\windows\documents\repos\occqtdemos\simplestoccinqt\qtocaf\x64\release\qrc_qtocafmainwin.obj
e:\windows\documents\repos\occqtdemos\simplestoccinqt\qtocaf\x64\release\main.obj
e:\windows\documents\repos\occqtdemos\simplestoccinqt\qtocaf\x64\release\occwindow.obj
e:\windows\documents\repos\occqtdemos\simplestoccinqt\qtocaf\x64\release\tocafapplication.obj
e:\windows\documents\repos\occqtdemos\simplestoccinqt\qtocaf\x64\release\moc_qtocafmainwin.obj
e:\windows\documents\repos\occqtdemos\simplestoccinqt\qtocaf\x64\release\moc_occwidget.obj
e:\windows\documents\repos\occqtdemos\simplestoccinqt\x64\release\qtocaf.exe
e:\windows\documents\repos\occqtdemos\simplestoccinqt\qtocaf\generatedfiles\release\moc_qtocafmainwin.cpp
e:\windows\documents\repos\occqtdemos\simplestoccinqt\qtocaf\generatedfiles\release\moc_occwidget.cpp
e:\windows\documents\repos\occqtdemos\simplestoccinqt\qtocaf\generatedfiles\qrc_qtocafmainwin.cpp
e:\windows\documents\repos\occqtdemos\simplestoccinqt\qtocaf\generatedfiles\ui_qtocafmainwin.h
e:\windows\documents\repos\occqtdemos\simplestoccinqt\x64\release\qtocaf.lib
e:\windows\documents\repos\occqtdemos\simplestoccinqt\x64\release\qtocaf.exp
e:\windows\documents\repos\occqtdemos\simplestoccinqt\qtocaf\x64\release\qtocaf.tlog\cl.command.1.tlog
e:\windows\documents\repos\occqtdemos\simplestoccinqt\qtocaf\x64\release\qtocaf.tlog\cl.read.1.tlog
e:\windows\documents\repos\occqtdemos\simplestoccinqt\qtocaf\x64\release\qtocaf.tlog\cl.write.1.tlog
e:\windows\documents\repos\occqtdemos\simplestoccinqt\qtocaf\x64\release\qtocaf.tlog\link.command.1.tlog
e:\windows\documents\repos\occqtdemos\simplestoccinqt\qtocaf\x64\release\qtocaf.tlog\link.read.1.tlog
e:\windows\documents\repos\occqtdemos\simplestoccinqt\qtocaf\x64\release\qtocaf.tlog\link.write.1.tlog
e:\windows\documents\repos\occqtdemos\simplestoccinqt\qtocaf\x64\release\qtocaf.tlog\qtocaf.write.1u.tlog
