e:\windows\documents\repos\occqtdemos\simplestoccinqt\simplestoccinqt\x64\debug\vc140.pdb
e:\windows\documents\repos\occqtdemos\simplestoccinqt\simplestoccinqt\x64\debug\simplestoccinqt.obj
e:\windows\documents\repos\occqtdemos\simplestoccinqt\simplestoccinqt\x64\debug\occwindow.obj
e:\windows\documents\repos\occqtdemos\simplestoccinqt\simplestoccinqt\x64\debug\occwidget.obj
e:\windows\documents\repos\occqtdemos\simplestoccinqt\simplestoccinqt\x64\debug\main.obj
e:\windows\documents\repos\occqtdemos\simplestoccinqt\simplestoccinqt\x64\debug\moc_simplestoccinqt.obj
e:\windows\documents\repos\occqtdemos\simplestoccinqt\simplestoccinqt\x64\debug\moc_occwidget.obj
e:\windows\documents\repos\occqtdemos\simplestoccinqt\simplestoccinqt\generatedfiles\debug\moc_simplestoccinqt.cpp
e:\windows\documents\repos\occqtdemos\simplestoccinqt\simplestoccinqt\generatedfiles\ui_simplestoccinqt.h
e:\windows\documents\repos\occqtdemos\simplestoccinqt\simplestoccinqt\generatedfiles\debug\moc_occwidget.cpp
e:\windows\documents\repos\occqtdemos\simplestoccinqt\x64\debug\simplestoccinqt.ilk
e:\windows\documents\repos\occqtdemos\simplestoccinqt\x64\debug\simplestoccinqt.exe
e:\windows\documents\repos\occqtdemos\simplestoccinqt\x64\debug\simplestoccinqt.pdb
e:\windows\documents\repos\occqtdemos\simplestoccinqt\x64\debug\simplestoccinqt.lib
e:\windows\documents\repos\occqtdemos\simplestoccinqt\x64\debug\simplestoccinqt.exp
e:\windows\documents\repos\occqtdemos\simplestoccinqt\simplestoccinqt\x64\debug\simplestoccinqt.tlog\cl.command.1.tlog
e:\windows\documents\repos\occqtdemos\simplestoccinqt\simplestoccinqt\x64\debug\simplestoccinqt.tlog\cl.read.1.tlog
e:\windows\documents\repos\occqtdemos\simplestoccinqt\simplestoccinqt\x64\debug\simplestoccinqt.tlog\cl.write.1.tlog
e:\windows\documents\repos\occqtdemos\simplestoccinqt\simplestoccinqt\x64\debug\simplestoccinqt.tlog\custombuild.command.1.tlog
e:\windows\documents\repos\occqtdemos\simplestoccinqt\simplestoccinqt\x64\debug\simplestoccinqt.tlog\custombuild.read.1.tlog
e:\windows\documents\repos\occqtdemos\simplestoccinqt\simplestoccinqt\x64\debug\simplestoccinqt.tlog\custombuild.write.1.tlog
e:\windows\documents\repos\occqtdemos\simplestoccinqt\simplestoccinqt\x64\debug\simplestoccinqt.tlog\link.command.1.tlog
e:\windows\documents\repos\occqtdemos\simplestoccinqt\simplestoccinqt\x64\debug\simplestoccinqt.tlog\link.read.1.tlog
e:\windows\documents\repos\occqtdemos\simplestoccinqt\simplestoccinqt\x64\debug\simplestoccinqt.tlog\link.write.1.tlog
e:\windows\documents\repos\occqtdemos\simplestoccinqt\simplestoccinqt\x64\debug\simplestoccinqt.tlog\simplestoccinqt.write.1u.tlog
