e:\windows\documents\repos\occqtdemos\simplestoccinqt\occdocqt\x64\release\view.obj
e:\windows\documents\repos\occqtdemos\simplestoccinqt\occdocqt\x64\release\translate.obj
e:\windows\documents\repos\occqtdemos\simplestoccinqt\occdocqt\x64\release\occtwindow.obj
e:\windows\documents\repos\occqtdemos\simplestoccinqt\occdocqt\x64\release\occdocqt.obj
e:\windows\documents\repos\occqtdemos\simplestoccinqt\occdocqt\x64\release\main.obj
e:\windows\documents\repos\occqtdemos\simplestoccinqt\occdocqt\x64\release\moc_view.obj
e:\windows\documents\repos\occqtdemos\simplestoccinqt\occdocqt\x64\release\moc_translate.obj
e:\windows\documents\repos\occqtdemos\simplestoccinqt\occdocqt\x64\release\moc_occdocqt.obj
e:\windows\documents\repos\occqtdemos\simplestoccinqt\occdocqt\x64\release\moc_documentcommon.obj
e:\windows\documents\repos\occqtdemos\simplestoccinqt\occdocqt\x64\release\moc_dialogtransparency.obj
e:\windows\documents\repos\occqtdemos\simplestoccinqt\occdocqt\x64\release\moc_dialogmaterial.obj
e:\windows\documents\repos\occqtdemos\simplestoccinqt\occdocqt\x64\release\moc_applicationwindow.obj
e:\windows\documents\repos\occqtdemos\simplestoccinqt\occdocqt\x64\release\moc_applicationcommonwindow.obj
e:\windows\documents\repos\occqtdemos\simplestoccinqt\occdocqt\x64\release\documentcommon.obj
e:\windows\documents\repos\occqtdemos\simplestoccinqt\occdocqt\x64\release\dialogtransparency.obj
e:\windows\documents\repos\occqtdemos\simplestoccinqt\occdocqt\x64\release\dialogmaterial.obj
e:\windows\documents\repos\occqtdemos\simplestoccinqt\occdocqt\x64\release\applicationwindow.obj
e:\windows\documents\repos\occqtdemos\simplestoccinqt\occdocqt\x64\release\applicationcommonwindow.obj
e:\windows\documents\repos\occqtdemos\simplestoccinqt\occdocqt\generatedfiles\release\moc_occdocqt.cpp
e:\windows\documents\repos\occqtdemos\simplestoccinqt\occdocqt\generatedfiles\ui_occdocqt.h
e:\windows\documents\repos\occqtdemos\simplestoccinqt\occdocqt\generatedfiles\release\moc_view.cpp
e:\windows\documents\repos\occqtdemos\simplestoccinqt\occdocqt\generatedfiles\release\moc_translate.cpp
e:\windows\documents\repos\occqtdemos\simplestoccinqt\occdocqt\generatedfiles\release\moc_applicationcommonwindow.cpp
e:\windows\documents\repos\occqtdemos\simplestoccinqt\occdocqt\generatedfiles\release\moc_applicationwindow.cpp
e:\windows\documents\repos\occqtdemos\simplestoccinqt\occdocqt\generatedfiles\release\moc_documentcommon.cpp
e:\windows\documents\repos\occqtdemos\simplestoccinqt\occdocqt\generatedfiles\release\moc_dialogtransparency.cpp
e:\windows\documents\repos\occqtdemos\simplestoccinqt\occdocqt\generatedfiles\release\moc_dialogmaterial.cpp
e:\windows\documents\repos\occqtdemos\simplestoccinqt\occdocqt\x64\release\occdocqt.tlog\cl.command.1.tlog
e:\windows\documents\repos\occqtdemos\simplestoccinqt\occdocqt\x64\release\occdocqt.tlog\cl.read.1.tlog
e:\windows\documents\repos\occqtdemos\simplestoccinqt\occdocqt\x64\release\occdocqt.tlog\cl.write.1.tlog
e:\windows\documents\repos\occqtdemos\simplestoccinqt\occdocqt\x64\release\occdocqt.tlog\custombuild.command.1.tlog
e:\windows\documents\repos\occqtdemos\simplestoccinqt\occdocqt\x64\release\occdocqt.tlog\custombuild.read.1.tlog
e:\windows\documents\repos\occqtdemos\simplestoccinqt\occdocqt\x64\release\occdocqt.tlog\custombuild.write.1.tlog
e:\windows\documents\repos\occqtdemos\simplestoccinqt\occdocqt\x64\release\occdocqt.tlog\link-cvtres.read.1.tlog
e:\windows\documents\repos\occqtdemos\simplestoccinqt\occdocqt\x64\release\occdocqt.tlog\link-cvtres.write.1.tlog
e:\windows\documents\repos\occqtdemos\simplestoccinqt\occdocqt\x64\release\occdocqt.tlog\link-rc.read.1.tlog
e:\windows\documents\repos\occqtdemos\simplestoccinqt\occdocqt\x64\release\occdocqt.tlog\link-rc.write.1.tlog
e:\windows\documents\repos\occqtdemos\simplestoccinqt\occdocqt\x64\release\occdocqt.tlog\link.command.1.tlog
e:\windows\documents\repos\occqtdemos\simplestoccinqt\occdocqt\x64\release\occdocqt.tlog\link.read.1.tlog
e:\windows\documents\repos\occqtdemos\simplestoccinqt\occdocqt\x64\release\occdocqt.tlog\link.write.1.tlog
